c:\users\kbj56\onedrive\바탕 화면\강의록\cgp_pa04\cgp_pa04\cgp_pa04\release\vc142.pdb
c:\users\kbj56\onedrive\바탕 화면\강의록\cgp_pa04\cgp_pa04\cgp_pa04\release\textclass.obj
c:\users\kbj56\onedrive\바탕 화면\강의록\cgp_pa04\cgp_pa04\cgp_pa04\release\systemclass.obj
c:\users\kbj56\onedrive\바탕 화면\강의록\cgp_pa04\cgp_pa04\cgp_pa04\release\soundclass.obj
c:\users\kbj56\onedrive\바탕 화면\강의록\cgp_pa04\cgp_pa04\cgp_pa04\release\skyshader.obj
c:\users\kbj56\onedrive\바탕 화면\강의록\cgp_pa04\cgp_pa04\cgp_pa04\release\skyclass.obj
c:\users\kbj56\onedrive\바탕 화면\강의록\cgp_pa04\cgp_pa04\cgp_pa04\release\modelclass.obj
c:\users\kbj56\onedrive\바탕 화면\강의록\cgp_pa04\cgp_pa04\cgp_pa04\release\main.obj
c:\users\kbj56\onedrive\바탕 화면\강의록\cgp_pa04\cgp_pa04\cgp_pa04\release\lightshaderclass.obj
c:\users\kbj56\onedrive\바탕 화면\강의록\cgp_pa04\cgp_pa04\cgp_pa04\release\lightclass.obj
c:\users\kbj56\onedrive\바탕 화면\강의록\cgp_pa04\cgp_pa04\cgp_pa04\release\inputclass.obj
c:\users\kbj56\onedrive\바탕 화면\강의록\cgp_pa04\cgp_pa04\cgp_pa04\release\graphicsclass.obj
c:\users\kbj56\onedrive\바탕 화면\강의록\cgp_pa04\cgp_pa04\cgp_pa04\release\fpsclass.obj
c:\users\kbj56\onedrive\바탕 화면\강의록\cgp_pa04\cgp_pa04\cgp_pa04\release\fontshaderclass.obj
c:\users\kbj56\onedrive\바탕 화면\강의록\cgp_pa04\cgp_pa04\cgp_pa04\release\fontclass.obj
c:\users\kbj56\onedrive\바탕 화면\강의록\cgp_pa04\cgp_pa04\cgp_pa04\release\ddstextureloader.obj
c:\users\kbj56\onedrive\바탕 화면\강의록\cgp_pa04\cgp_pa04\cgp_pa04\release\d3dclass.obj
c:\users\kbj56\onedrive\바탕 화면\강의록\cgp_pa04\cgp_pa04\cgp_pa04\release\cpuclass.obj
c:\users\kbj56\onedrive\바탕 화면\강의록\cgp_pa04\cgp_pa04\cgp_pa04\release\colorshaderclass.obj
c:\users\kbj56\onedrive\바탕 화면\강의록\cgp_pa04\cgp_pa04\cgp_pa04\release\cameraclass.obj
c:\users\kbj56\onedrive\바탕 화면\강의록\cgp_pa04\cgp_pa04\cgp_pa04\release\bitmapclass.obj
c:\users\kbj56\onedrive\바탕 화면\강의록\cgp_pa04\cgp_pa04\cgp_pa04\release\timerclass.obj
c:\users\kbj56\onedrive\바탕 화면\강의록\cgp_pa04\cgp_pa04\cgp_pa04\release\textureshaderclass.obj
c:\users\kbj56\onedrive\바탕 화면\강의록\cgp_pa04\cgp_pa04\cgp_pa04\release\textureclass.obj
c:\users\kbj56\onedrive\바탕 화면\강의록\cgp_pa04\cgp_pa04\release\cgp_pa04.exe
c:\users\kbj56\onedrive\바탕 화면\강의록\cgp_pa04\cgp_pa04\cgp_pa04\release\cgp_pa04.ipdb
c:\users\kbj56\onedrive\바탕 화면\강의록\cgp_pa04\cgp_pa04\cgp_pa04\release\cgp_pa04.iobj
c:\users\kbj56\onedrive\바탕 화면\강의록\cgp_pa04\cgp_pa04\release\cgp_pa04.pdb
c:\users\kbj56\onedrive\바탕 화면\강의록\cgp_pa04\cgp_pa04\cgp_pa04\release\cgp_pa04.tlog\cl.command.1.tlog
c:\users\kbj56\onedrive\바탕 화면\강의록\cgp_pa04\cgp_pa04\cgp_pa04\release\cgp_pa04.tlog\cl.read.1.tlog
c:\users\kbj56\onedrive\바탕 화면\강의록\cgp_pa04\cgp_pa04\cgp_pa04\release\cgp_pa04.tlog\cl.write.1.tlog
c:\users\kbj56\onedrive\바탕 화면\강의록\cgp_pa04\cgp_pa04\cgp_pa04\release\cgp_pa04.tlog\fxc.command.1.tlog
c:\users\kbj56\onedrive\바탕 화면\강의록\cgp_pa04\cgp_pa04\cgp_pa04\release\cgp_pa04.tlog\fxc.read.1.tlog
c:\users\kbj56\onedrive\바탕 화면\강의록\cgp_pa04\cgp_pa04\cgp_pa04\release\cgp_pa04.tlog\link.command.1.tlog
c:\users\kbj56\onedrive\바탕 화면\강의록\cgp_pa04\cgp_pa04\cgp_pa04\release\cgp_pa04.tlog\link.read.1.tlog
c:\users\kbj56\onedrive\바탕 화면\강의록\cgp_pa04\cgp_pa04\cgp_pa04\release\cgp_pa04.tlog\link.write.1.tlog
